<?xml version="1.0" encoding="UTF-8"?>
<!-- Generated by org.testng.reporters.JUnitReportReporter -->
<testsuite hostname="DESKTOP-NLM9CQ8" failures="0" tests="1" name="api.test.PetTests" time="3.091" errors="0" timestamp="2023-05-06T18:18:35 IST" skipped="0">
  <testcase classname="api.test.PetTests" name="testPostNewPet" time="3.091"/>
  <system-out/>
</testsuite> <!-- api.test.PetTests -->
