<?xml version="1.0" encoding="UTF-8"?>
<!-- Generated by org.testng.reporters.JUnitReportReporter -->
<testsuite hostname="DESKTOP-NLM9CQ8" failures="0" tests="1" name="api.test.UserTests" time="7.920" errors="0" timestamp="2023-05-25T13:33:29 IST" skipped="0">
  <testcase classname="api.test.UserTests" name="testPostUser" time="7.920"/>
  <system-out/>
</testsuite> <!-- api.test.UserTests -->
